Copyright 1986-2018 Xilinx, Inc. All Rights Reserved.
----------------------------------------------------------------------------------------
| Tool Version : Vivado v.2018.3 (win64) Build 2405991 Thu Dec  6 23:38:27 MST 2018
| Date         : Fri Apr 12 04:33:32 2019
| Host         : MINGJIE running 64-bit major release  (build 9200)
| Command      : report_control_sets -verbose -file display_top_control_sets_placed.rpt
| Design       : display_top
| Device       : xc7a35t
----------------------------------------------------------------------------------------

Control Set Information

Table of Contents
-----------------
1. Summary
2. Histogram
3. Flip-Flop Distribution
4. Detailed Control Set Information

1. Summary
----------

+----------------------------------------------------------+-------+
|                          Status                          | Count |
+----------------------------------------------------------+-------+
| Number of unique control sets                            |    19 |
| Unused register locations in slices containing registers |    93 |
+----------------------------------------------------------+-------+


2. Histogram
------------

+--------+--------------+
| Fanout | Control Sets |
+--------+--------------+
|      1 |            2 |
|      3 |            1 |
|      4 |            1 |
|      5 |            2 |
|      9 |            2 |
|     10 |            4 |
|     12 |            1 |
|    16+ |            6 |
+--------+--------------+


3. Flip-Flop Distribution
-------------------------

+--------------+-----------------------+------------------------+-----------------+--------------+
| Clock Enable | Synchronous Set/Reset | Asynchronous Set/Reset | Total Registers | Total Slices |
+--------------+-----------------------+------------------------+-----------------+--------------+
| No           | No                    | No                     |              36 |           13 |
| No           | No                    | Yes                    |               9 |            6 |
| No           | Yes                   | No                     |               0 |            0 |
| Yes          | No                    | No                     |              18 |            5 |
| Yes          | No                    | Yes                    |             114 |           61 |
| Yes          | Yes                   | No                     |              26 |            9 |
+--------------+-----------------------+------------------------+-----------------+--------------+


4. Detailed Control Set Information
-----------------------------------

+------------------------------+---------------------------------------------+---------------------------------------+------------------+----------------+
|         Clock Signal         |                Enable Signal                |            Set/Reset Signal           | Slice Load Count | Bel Load Count |
+------------------------------+---------------------------------------------+---------------------------------------+------------------+----------------+
|  nolabel_line41/CLK50MHZ     | nolabel_line41/uut/db_data/Iv_i_1_n_0       |                                       |                1 |              1 |
|  nolabel_line41/CLK50MHZ     | nolabel_line41/uut/db_clk/Iv_i_1_n_0        |                                       |                1 |              1 |
|  nolabel_line41/CLK50MHZ     |                                             |                                       |                2 |              3 |
| ~nolabel_line41/uut/db_clk/O | nolabel_line41/uut/cnt                      | nolabel_line41/uut/cnt[3]_i_1_n_0     |                1 |              4 |
|  nolabel_line41/CLK50MHZ     | nolabel_line41/uut/db_clk/count[4]_i_1_n_0  | nolabel_line41/uut/db_clk/Iv_i_1_n_0  |                1 |              5 |
|  nolabel_line41/CLK50MHZ     | nolabel_line41/uut/db_data/count[4]_i_1_n_0 | nolabel_line41/uut/db_data/Iv_i_1_n_0 |                2 |              5 |
| ~nolabel_line41/uut/db_clk/O |                                             |                                       |                3 |              9 |
|  clk_IBUF_BUFG               |                                             | hard_reset_IBUF                       |                6 |              9 |
|  clk_IBUF_BUFG               | object_unit/s_y_reg[9]_i_1_n_0              | hard_reset_IBUF                       |                4 |             10 |
|  clk_IBUF_BUFG               | object_unit/s_x_reg[9]_i_1_n_0              | hard_reset_IBUF                       |                4 |             10 |
|  clk_IBUF_BUFG               | vsync_unit/v_count_reg0                     | hard_reset_IBUF                       |                3 |             10 |
|  clk_IBUF_BUFG               | vsync_unit/p_tick                           | hard_reset_IBUF                       |                3 |             10 |
|  clk_IBUF_BUFG               | vsync_unit/p_tick                           | rgb_reg                               |                5 |             12 |
|  nolabel_line41/CLK50MHZ     | nolabel_line41/uut/keycode[15]_i_1_n_0      |                                       |                3 |             16 |
|  clk_IBUF_BUFG               | object_unit/x_start_reg[19]_i_1_n_0         | hard_reset_IBUF                       |               14 |             17 |
|  clk_IBUF_BUFG               | object_unit/y_start_reg[19]_i_1_n_0         | hard_reset_IBUF                       |               14 |             17 |
|  clk_IBUF_BUFG               | object_unit/y_time_reg[19]_i_1_n_0          | hard_reset_IBUF                       |                9 |             20 |
|  clk_IBUF_BUFG               | object_unit/x_time_reg[19]_i_1_n_0          | hard_reset_IBUF                       |               10 |             20 |
|  clk_IBUF_BUFG               |                                             |                                       |                8 |             24 |
+------------------------------+---------------------------------------------+---------------------------------------+------------------+----------------+


